<?xml version="1.0" encoding="UTF-8"?>
<!-- Generated by org.testng.reporters.JUnitXMLReporter -->
<testsuite ignored="0" hostname="VIDHYARAJENDRAN" failures="0" tests="4" name="Default test" time="17.519" errors="0" timestamp="2024-07-13T08:21:49 IST">
  <testcase classname="testCase.DataDrivenLoginTest" name="LoginTest" time="4.906"/>
  <testcase classname="testCase.DataDrivenLoginTest" name="LoginTest" time="3.704"/>
  <testcase classname="testCase.DataDrivenLoginTest" name="LoginTest" time="3.926"/>
  <testcase classname="testCase.DataDrivenLoginTest" name="LoginTest" time="4.352"/>
</testsuite> <!-- Default test -->
