<?xml version="1.0" encoding="UTF-8"?>
<testng-results ignored="0" total="4" passed="4" failed="0" skipped="0">
  <reporter-output>
  </reporter-output>
  <suite started-at="2024-07-13T08:21:31 IST" name="Default suite" finished-at="2024-07-13T08:21:49 IST" duration-ms="17519">
    <groups>
    </groups>
    <test started-at="2024-07-13T08:21:31 IST" name="Default test" finished-at="2024-07-13T08:21:49 IST" duration-ms="17519">
      <class name="testCase.DataDrivenLoginTest">
        <test-method signature="LoginTest(java.lang.String,java.lang.String)[pri:0, instance:testCase.DataDrivenLoginTest@54422e18]" started-at="2024-07-13T08:21:32 IST" name="LoginTest" data-provider="dataProvideMethod" finished-at="2024-07-13T08:21:37 IST" duration-ms="4906" status="PASS">
          <params>
            <param index="0">
              <value>
                <![CDATA[]]>
              </value>
            </param>
            <param index="1">
              <value>
                <![CDATA[]]>
              </value>
            </param>
          </params>
          <reporter-output>
          </reporter-output>
        </test-method> <!-- LoginTest -->
        <test-method signature="LoginTest(java.lang.String,java.lang.String)[pri:0, instance:testCase.DataDrivenLoginTest@54422e18]" started-at="2024-07-13T08:21:37 IST" name="LoginTest" data-provider="dataProvideMethod" finished-at="2024-07-13T08:21:40 IST" duration-ms="3704" status="PASS">
          <params>
            <param index="0">
              <value>
                <![CDATA[]]>
              </value>
            </param>
            <param index="1">
              <value>
                <![CDATA[Alya@1998]]>
              </value>
            </param>
          </params>
          <reporter-output>
          </reporter-output>
        </test-method> <!-- LoginTest -->
        <test-method signature="LoginTest(java.lang.String,java.lang.String)[pri:0, instance:testCase.DataDrivenLoginTest@54422e18]" started-at="2024-07-13T08:21:40 IST" name="LoginTest" data-provider="dataProvideMethod" finished-at="2024-07-13T08:21:44 IST" duration-ms="3926" status="PASS">
          <params>
            <param index="0">
              <value>
                <![CDATA[Test@gmail.com]]>
              </value>
            </param>
            <param index="1">
              <value>
                <![CDATA[Test@098]]>
              </value>
            </param>
          </params>
          <reporter-output>
          </reporter-output>
        </test-method> <!-- LoginTest -->
        <test-method signature="LoginTest(java.lang.String,java.lang.String)[pri:0, instance:testCase.DataDrivenLoginTest@54422e18]" started-at="2024-07-13T08:21:44 IST" name="LoginTest" data-provider="dataProvideMethod" finished-at="2024-07-13T08:21:49 IST" duration-ms="4352" status="PASS">
          <params>
            <param index="0">
              <value>
                <![CDATA[vidhyarajendran03@gmail.com]]>
              </value>
            </param>
            <param index="1">
              <value>
                <![CDATA[Alya@1998]]>
              </value>
            </param>
          </params>
          <reporter-output>
          </reporter-output>
        </test-method> <!-- LoginTest -->
      </class> <!-- testCase.DataDrivenLoginTest -->
    </test> <!-- Default test -->
  </suite> <!-- Default suite -->
</testng-results>
